<?xml version="1.0" encoding="UTF-8"?>
<testsuites>
  <testsuite name="The Internet Guinea Pig Website" timestamp="2023-10-19T10:26:26" time="7.322" tests="1" failures="0" errors="0" skipped="0">
    <properties>
      <property name="specId" value="0"/>
      <property name="featureName" value="The Internet Guinea Pig Website"/>
      <property name="capabilities" value="chrome.118_0_0_0.10_0_19045"/>
      <property name="featureFile" value="file:///C:/test_io/features/Failed_connection.feature"/>
    </properties>
    <testcase classname="CucumberJUnitReport-chrome.118_0_0_0.10_0_19045.The Internet Guinea Pig Website" name="As a user I can log into the secure area invalid credentials" time="7.27">
      <system-out><![CDATA[
✅ Given I am on the login page✅ When I login with foobar and barfoo and <station>✅ Then I should see a flash message saying Mercii de vérifier votre identifiant et mot de passe, Si vous ne pouvez toujours pas vous connecter, contactez votre administrateur
]]></system-out>
    </testcase>
  </testsuite>
</testsuites>